[26-Apr-2018 04:00:55] NOTICE: fpm is running, pid 1
[26-Apr-2018 04:00:55] NOTICE: ready to handle connections
[26-Apr-2018 05:05:50] NOTICE: Terminating ...
[26-Apr-2018 05:05:50] NOTICE: exiting, bye-bye!
[26-Apr-2018 05:06:06] NOTICE: fpm is running, pid 1
[26-Apr-2018 05:06:06] NOTICE: ready to handle connections
[26-Apr-2018 06:04:01] NOTICE: Terminating ...
[26-Apr-2018 06:04:01] NOTICE: exiting, bye-bye!
[26-Apr-2018 06:05:36] NOTICE: fpm is running, pid 1
[26-Apr-2018 06:05:36] NOTICE: ready to handle connections
[27-Apr-2018 03:03:32] WARNING: [pool www] child 41 said into stderr: "NOTICE: PHP message: PHP Warning:  Missing argument 1 for Room_control::initPublicRoom(), called in /var/www/html/poker/_code/gm/Inform.php on line 92 and defined in /var/www/html/poker/_code/gm/Room.php on line 163"
[02-May-2018 13:10:11] NOTICE: Terminating ...
[02-May-2018 13:10:11] NOTICE: exiting, bye-bye!
[02-May-2018 13:11:26] NOTICE: fpm is running, pid 1
[02-May-2018 13:11:27] NOTICE: ready to handle connections
[18-May-2018 02:55:04] WARNING: [pool www] child 33 said into stderr: "NOTICE: PHP message: PHP Warning:  Missing argument 4 for User::login(), called in /var/www/html/poker/_code/login.code.php on line 85 and defined in /var/www/html/poker/_classes/User.class.php on line 24"
[18-May-2018 02:55:04] WARNING: [pool www] child 33 said into stderr: "NOTICE: PHP message: PHP Warning:  Missing argument 5 for User::login(), called in /var/www/html/poker/_code/login.code.php on line 85 and defined in /var/www/html/poker/_classes/User.class.php on line 24"
[18-May-2018 06:29:45] WARNING: [pool www] child 59 said into stderr: "NOTICE: PHP message: PHP Warning:  Missing argument 4 for User::login(), called in /var/www/html/poker/_code/login.code.php on line 85 and defined in /var/www/html/poker/_classes/User.class.php on line 24"
[18-May-2018 06:29:45] WARNING: [pool www] child 59 said into stderr: "NOTICE: PHP message: PHP Warning:  Missing argument 5 for User::login(), called in /var/www/html/poker/_code/login.code.php on line 85 and defined in /var/www/html/poker/_classes/User.class.php on line 24"
[18-May-2018 09:39:20] WARNING: [pool www] child 44 said into stderr: "NOTICE: PHP message: PHP Warning:  Missing argument 4 for User::login(), called in /var/www/html/poker/_code/login.code.php on line 85 and defined in /var/www/html/poker/_classes/User.class.php on line 24"
[18-May-2018 09:39:20] WARNING: [pool www] child 44 said into stderr: "NOTICE: PHP message: PHP Warning:  Missing argument 5 for User::login(), called in /var/www/html/poker/_code/login.code.php on line 85 and defined in /var/www/html/poker/_classes/User.class.php on line 24"
[21-May-2018 07:30:39] WARNING: [pool www] child 55 said into stderr: "NOTICE: PHP message: PHP Fatal error:  Uncaught Error: Call to undefined method User::emit() in /var/www/html/poker/_code/verify.code.php:88"
[21-May-2018 07:30:39] WARNING: [pool www] child 55 said into stderr: "Stack trace:"
[21-May-2018 07:30:39] WARNING: [pool www] child 55 said into stderr: "#0 /var/www/html/poker/public.php(41): include()"
[21-May-2018 07:30:39] WARNING: [pool www] child 55 said into stderr: "#1 {main}"
[21-May-2018 07:30:39] WARNING: [pool www] child 55 said into stderr: "  thrown in /var/www/html/poker/_code/verify.code.php on line 88"
[21-May-2018 07:32:43] WARNING: [pool www] child 7 said into stderr: "NOTICE: PHP message: PHP Fatal error:  Uncaught Error: Call to undefined method User::emit() in /var/www/html/poker/_code/verify.code.php:88"
[21-May-2018 07:32:43] WARNING: [pool www] child 7 said into stderr: "Stack trace:"
[21-May-2018 07:32:43] WARNING: [pool www] child 7 said into stderr: "#0 /var/www/html/poker/public.php(41): include()"
[21-May-2018 07:32:43] WARNING: [pool www] child 7 said into stderr: "#1 {main}"
[21-May-2018 07:32:43] WARNING: [pool www] child 7 said into stderr: "  thrown in /var/www/html/poker/_code/verify.code.php on line 88"
[21-May-2018 07:33:04] WARNING: [pool www] child 57 said into stderr: "NOTICE: PHP message: PHP Fatal error:  Uncaught Error: Call to undefined method User::emit() in /var/www/html/poker/_code/verify.code.php:88"
[21-May-2018 07:33:04] WARNING: [pool www] child 57 said into stderr: "Stack trace:"
[21-May-2018 07:33:04] WARNING: [pool www] child 57 said into stderr: "#0 /var/www/html/poker/public.php(41): include()"
[21-May-2018 07:33:04] WARNING: [pool www] child 57 said into stderr: "#1 {main}"
[21-May-2018 07:33:04] WARNING: [pool www] child 57 said into stderr: "  thrown in /var/www/html/poker/_code/verify.code.php on line 88"
[21-May-2018 07:56:10] WARNING: [pool www] child 59 said into stderr: "NOTICE: PHP message: PHP Fatal error:  Uncaught Error: Call to undefined method User::emit() in /var/www/html/poker/_code/verify.code.php:88"
[21-May-2018 07:56:10] WARNING: [pool www] child 59 said into stderr: "Stack trace:"
[21-May-2018 07:56:10] WARNING: [pool www] child 59 said into stderr: "#0 /var/www/html/poker/public.php(41): include()"
[21-May-2018 07:56:10] WARNING: [pool www] child 59 said into stderr: "#1 {main}"
[21-May-2018 07:56:10] WARNING: [pool www] child 59 said into stderr: "  thrown in /var/www/html/poker/_code/verify.code.php on line 88"
[21-May-2018 08:06:40] WARNING: [pool www] child 83 said into stderr: "NOTICE: PHP message: PHP Fatal error:  Uncaught Error: Call to undefined method User::emit() in /var/www/html/poker/_classes/Verify.class.php:174"
[21-May-2018 08:06:40] WARNING: [pool www] child 83 said into stderr: "Stack trace:"
[21-May-2018 08:06:40] WARNING: [pool www] child 83 said into stderr: "#0 /var/www/html/poker/_code/verify.code.php(60): Verify::send(100008, '18279989681', 'Rich Town')"
[21-May-2018 08:06:40] WARNING: [pool www] child 83 said into stderr: "#1 /var/www/html/poker/public.php(41): include('/var/www/html/p...')"
[21-May-2018 08:06:40] WARNING: [pool www] child 83 said into stderr: "#2 {main}"
[21-May-2018 08:06:40] WARNING: [pool www] child 83 said into stderr: "  thrown in /var/www/html/poker/_classes/Verify.class.php on line 174"
[21-May-2018 08:47:12] WARNING: [pool www] child 89 said into stderr: "NOTICE: PHP message: PHP Fatal error:  Uncaught Error: Call to undefined method User::emit() in /var/www/html/poker/_classes/Verify.class.php:174"
[21-May-2018 08:47:12] WARNING: [pool www] child 89 said into stderr: "Stack trace:"
[21-May-2018 08:47:12] WARNING: [pool www] child 89 said into stderr: "#0 /var/www/html/poker/_code/verify.code.php(62): Verify::send(100008, '18279989681', 'Rich Town')"
[21-May-2018 08:47:12] WARNING: [pool www] child 89 said into stderr: "#1 /var/www/html/poker/public.php(41): include('/var/www/html/p...')"
[21-May-2018 08:47:12] WARNING: [pool www] child 89 said into stderr: "#2 {main}"
[21-May-2018 08:47:12] WARNING: [pool www] child 89 said into stderr: "  thrown in /var/www/html/poker/_classes/Verify.class.php on line 174"
[21-May-2018 08:51:58] WARNING: [pool www] child 65 said into stderr: "NOTICE: PHP message: PHP Fatal error:  Uncaught Error: Call to undefined method User::emit() in /var/www/html/poker/_classes/Verify.class.php:174"
[21-May-2018 08:51:58] WARNING: [pool www] child 65 said into stderr: "Stack trace:"
[21-May-2018 08:51:58] WARNING: [pool www] child 65 said into stderr: "#0 /var/www/html/poker/_code/verify.code.php(62): Verify::send(100008, '18279989681', 'Rich Town')"
[21-May-2018 08:51:58] WARNING: [pool www] child 65 said into stderr: "#1 /var/www/html/poker/public.php(41): include('/var/www/html/p...')"
[21-May-2018 08:51:58] WARNING: [pool www] child 65 said into stderr: "#2 {main}"
[21-May-2018 08:51:58] WARNING: [pool www] child 65 said into stderr: "  thrown in /var/www/html/poker/_classes/Verify.class.php on line 174"
[21-May-2018 09:00:42] WARNING: [pool www] child 84 said into stderr: "NOTICE: PHP message: PHP Fatal error:  Uncaught Error: Call to undefined method User::emit() in /var/www/html/poker/_classes/Verify.class.php:174"
[21-May-2018 09:00:42] WARNING: [pool www] child 84 said into stderr: "Stack trace:"
[21-May-2018 09:00:42] WARNING: [pool www] child 84 said into stderr: "#0 /var/www/html/poker/_code/verify.code.php(62): Verify::send(100008, '18279989681', 'Rich Town')"
[21-May-2018 09:00:42] WARNING: [pool www] child 84 said into stderr: "#1 /var/www/html/poker/public.php(41): include('/var/www/html/p...')"
[21-May-2018 09:00:42] WARNING: [pool www] child 84 said into stderr: "#2 {main}"
[21-May-2018 09:00:42] WARNING: [pool www] child 84 said into stderr: "  thrown in /var/www/html/poker/_classes/Verify.class.php on line 174"
[22-May-2018 02:22:01] WARNING: [pool www] child 82 said into stderr: "NOTICE: PHP message: PHP Warning:  Missing argument 2 for User::edit(), called in /var/www/html/poker/_code/user.code.php on line 44 and defined in /var/www/html/poker/_classes/User.class.php on line 223"
[22-May-2018 02:22:01] WARNING: [pool www] child 82 said into stderr: "NOTICE: PHP message: PHP Fatal error:  Uncaught Error: Call to a member function bindParam() on boolean in /var/www/html/poker/_classes/DB.class.php:276"
[22-May-2018 02:22:01] WARNING: [pool www] child 82 said into stderr: "Stack trace:"
[22-May-2018 02:22:01] WARNING: [pool www] child 82 said into stderr: "#0 /var/www/html/poker/_classes/DB.class.php(133): DB->query_p('UPDATE user SET...', Array)"
[22-May-2018 02:22:01] WARNING: [pool www] child 82 said into stderr: "#1 /var/www/html/poker/_classes/User.class.php(225): DB->update('user', Array, ' WHERE uid=')"
[22-May-2018 02:22:01] WARNING: [pool www] child 82 said into stderr: "#2 /var/www/html/poker/_code/user.code.php(44): User::edit(Array)"
[22-May-2018 02:22:01] WARNING: [pool www] child 82 said into stderr: "#3 /var/www/html/poker/code.php(61): include('/var/www/html/p...')"
[22-May-2018 02:22:01] WARNING: [pool www] child 82 said into stderr: "#4 {main}"
[22-May-2018 02:22:01] WARNING: [pool www] child 82 said into stderr: "  thrown in /var/www/html/poker/_classes/DB.class.php on line 276"
[22-May-2018 02:22:04] WARNING: [pool www] child 99 said into stderr: "NOTICE: PHP message: PHP Warning:  Missing argument 2 for User::edit(), called in /var/www/html/poker/_code/user.code.php on line 44 and defined in /var/www/html/poker/_classes/User.class.php on line 223"
[22-May-2018 02:22:04] WARNING: [pool www] child 99 said into stderr: "NOTICE: PHP message: PHP Fatal error:  Uncaught Error: Call to a member function bindParam() on boolean in /var/www/html/poker/_classes/DB.class.php:276"
[22-May-2018 02:22:04] WARNING: [pool www] child 99 said into stderr: "Stack trace:"
[22-May-2018 02:22:04] WARNING: [pool www] child 99 said into stderr: "#0 /var/www/html/poker/_classes/DB.class.php(133): DB->query_p('UPDATE user SET...', Array)"
[22-May-2018 02:22:04] WARNING: [pool www] child 99 said into stderr: "#1 /var/www/html/poker/_classes/User.class.php(225): DB->update('user', Array, ' WHERE uid=')"
[22-May-2018 02:22:04] WARNING: [pool www] child 99 said into stderr: "#2 /var/www/html/poker/_code/user.code.php(44): User::edit(Array)"
[22-May-2018 02:22:04] WARNING: [pool www] child 99 said into stderr: "#3 /var/www/html/poker/code.php(61): include('/var/www/html/p...')"
[22-May-2018 02:22:04] WARNING: [pool www] child 99 said into stderr: "#4 {main}"
[22-May-2018 02:22:04] WARNING: [pool www] child 99 said into stderr: "  thrown in /var/www/html/poker/_classes/DB.class.php on line 276"
[22-May-2018 03:33:18] WARNING: [pool www] child 48 said into stderr: "NOTICE: PHP message: PHP Fatal error:  Uncaught Error: Call to undefined method User::emit() in /var/www/html/poker/_classes/Verify.class.php:174"
[22-May-2018 03:33:18] WARNING: [pool www] child 48 said into stderr: "Stack trace:"
[22-May-2018 03:33:18] WARNING: [pool www] child 48 said into stderr: "#0 /var/www/html/poker/_code/verify.code.php(62): Verify::send(100025, '13767175460', 'Rich Town')"
[22-May-2018 03:33:18] WARNING: [pool www] child 48 said into stderr: "#1 /var/www/html/poker/public.php(41): include('/var/www/html/p...')"
[22-May-2018 03:33:18] WARNING: [pool www] child 48 said into stderr: "#2 {main}"
[22-May-2018 03:33:18] WARNING: [pool www] child 48 said into stderr: "  thrown in /var/www/html/poker/_classes/Verify.class.php on line 174"
[22-May-2018 03:39:03] WARNING: [pool www] child 50 said into stderr: "NOTICE: PHP message: PHP Fatal error:  Uncaught Error: Call to undefined method User::emit() in /var/www/html/poker/_classes/Verify.class.php:174"
[22-May-2018 03:39:03] WARNING: [pool www] child 50 said into stderr: "Stack trace:"
[22-May-2018 03:39:03] WARNING: [pool www] child 50 said into stderr: "#0 /var/www/html/poker/_code/verify.code.php(62): Verify::send(100025, '13767175460', 'Rich Town')"
[22-May-2018 03:39:03] WARNING: [pool www] child 50 said into stderr: "#1 /var/www/html/poker/public.php(41): include('/var/www/html/p...')"
[22-May-2018 03:39:03] WARNING: [pool www] child 50 said into stderr: "#2 {main}"
[22-May-2018 03:39:03] WARNING: [pool www] child 50 said into stderr: "  thrown in /var/www/html/poker/_classes/Verify.class.php on line 174"
[22-May-2018 06:10:55] WARNING: [pool www] child 8 said into stderr: "NOTICE: PHP message: PHP Fatal error:  Uncaught Error: Call to undefined method User::emit() in /var/www/html/poker/_classes/Verify.class.php:174"
[22-May-2018 06:10:55] WARNING: [pool www] child 8 said into stderr: "Stack trace:"
[22-May-2018 06:10:55] WARNING: [pool www] child 8 said into stderr: "#0 /var/www/html/poker/_code/verify.code.php(60): Verify::send(100025, '13767175460', 'Rich Town')"
[22-May-2018 06:10:55] WARNING: [pool www] child 8 said into stderr: "#1 /var/www/html/poker/public.php(41): include('/var/www/html/p...')"
[22-May-2018 06:10:55] WARNING: [pool www] child 8 said into stderr: "#2 {main}"
[22-May-2018 06:10:55] WARNING: [pool www] child 8 said into stderr: "  thrown in /var/www/html/poker/_classes/Verify.class.php on line 174"
[22-May-2018 06:12:05] WARNING: [pool www] child 61 said into stderr: "NOTICE: PHP message: PHP Fatal error:  Uncaught Error: Call to undefined method User::emit() in /var/www/html/poker/_classes/Verify.class.php:174"
[22-May-2018 06:12:05] WARNING: [pool www] child 61 said into stderr: "Stack trace:"
[22-May-2018 06:12:05] WARNING: [pool www] child 61 said into stderr: "#0 /var/www/html/poker/_code/verify.code.php(60): Verify::send(100025, '13767175460', 'Rich Town')"
[22-May-2018 06:12:05] WARNING: [pool www] child 61 said into stderr: "#1 /var/www/html/poker/public.php(41): include('/var/www/html/p...')"
[22-May-2018 06:12:05] WARNING: [pool www] child 61 said into stderr: "#2 {main}"
[22-May-2018 06:12:05] WARNING: [pool www] child 61 said into stderr: "  thrown in /var/www/html/poker/_classes/Verify.class.php on line 174"
[22-May-2018 06:13:24] WARNING: [pool www] child 100 said into stderr: "NOTICE: PHP message: PHP Fatal error:  Uncaught Error: Call to undefined method User::emit() in /var/www/html/poker/_classes/Verify.class.php:174"
[22-May-2018 06:13:24] WARNING: [pool www] child 100 said into stderr: "Stack trace:"
[22-May-2018 06:13:24] WARNING: [pool www] child 100 said into stderr: "#0 /var/www/html/poker/_code/verify.code.php(60): Verify::send(100025, '15070924883', 'Rich Town')"
[22-May-2018 06:13:24] WARNING: [pool www] child 100 said into stderr: "#1 /var/www/html/poker/public.php(41): include('/var/www/html/p...')"
[22-May-2018 06:13:24] WARNING: [pool www] child 100 said into stderr: "#2 {main}"
[22-May-2018 06:13:24] WARNING: [pool www] child 100 said into stderr: "  thrown in /var/www/html/poker/_classes/Verify.class.php on line 174"
[22-May-2018 06:19:22] WARNING: [pool www] child 42 said into stderr: "NOTICE: PHP message: PHP Fatal error:  Uncaught Error: Call to undefined method User::emit() in /var/www/html/poker/_classes/Verify.class.php:174"
[22-May-2018 06:19:22] WARNING: [pool www] child 42 said into stderr: "Stack trace:"
[22-May-2018 06:19:22] WARNING: [pool www] child 42 said into stderr: "#0 /var/www/html/poker/_code/verify.code.php(60): Verify::send(100025, '13767175460', 'Rich Town')"
[22-May-2018 06:19:22] WARNING: [pool www] child 42 said into stderr: "#1 /var/www/html/poker/public.php(41): include('/var/www/html/p...')"
[22-May-2018 06:19:22] WARNING: [pool www] child 42 said into stderr: "#2 {main}"
[22-May-2018 06:19:22] WARNING: [pool www] child 42 said into stderr: "  thrown in /var/www/html/poker/_classes/Verify.class.php on line 174"
[22-May-2018 07:51:04] WARNING: [pool www] child 19 said into stderr: "NOTICE: PHP message: PHP Parse error:  syntax error, unexpected '$DB' (T_VARIABLE) in /var/www/html/poker/_classes/User.class.php on line 103"
[22-May-2018 07:59:28] WARNING: [pool www] child 29 said into stderr: "NOTICE: PHP message: PHP Parse error:  syntax error, unexpected '$DB' (T_VARIABLE) in /var/www/html/poker/_classes/User.class.php on line 103"
[22-May-2018 07:59:36] WARNING: [pool www] child 7 said into stderr: "NOTICE: PHP message: PHP Parse error:  syntax error, unexpected '$DB' (T_VARIABLE) in /var/www/html/poker/_classes/User.class.php on line 103"
[22-May-2018 08:00:00] WARNING: [pool www] child 59 said into stderr: "NOTICE: PHP message: PHP Parse error:  syntax error, unexpected '$DB' (T_VARIABLE) in /var/www/html/poker/_classes/User.class.php on line 103"
[22-May-2018 08:00:32] WARNING: [pool www] child 72 said into stderr: "NOTICE: PHP message: PHP Parse error:  syntax error, unexpected '$DB' (T_VARIABLE) in /var/www/html/poker/_classes/User.class.php on line 103"
[22-May-2018 08:01:40] WARNING: [pool www] child 52 said into stderr: "NOTICE: PHP message: PHP Parse error:  syntax error, unexpected '$DB' (T_VARIABLE) in /var/www/html/poker/_classes/User.class.php on line 103"
[22-May-2018 08:01:59] WARNING: [pool www] child 101 said into stderr: "NOTICE: PHP message: PHP Parse error:  syntax error, unexpected '$DB' (T_VARIABLE) in /var/www/html/poker/_classes/User.class.php on line 103"
[22-May-2018 08:02:12] WARNING: [pool www] child 20 said into stderr: "NOTICE: PHP message: PHP Parse error:  syntax error, unexpected '$DB' (T_VARIABLE) in /var/www/html/poker/_classes/User.class.php on line 103"
[22-May-2018 08:03:29] WARNING: [pool www] child 86 said into stderr: "NOTICE: PHP message: PHP Parse error:  syntax error, unexpected '$DB' (T_VARIABLE) in /var/www/html/poker/_classes/User.class.php on line 103"
[22-May-2018 08:05:20] WARNING: [pool www] child 75 said into stderr: "NOTICE: PHP message: PHP Parse error:  syntax error, unexpected '$DB' (T_VARIABLE) in /var/www/html/poker/_classes/User.class.php on line 103"
[22-May-2018 08:06:04] WARNING: [pool www] child 42 said into stderr: "NOTICE: PHP message: PHP Parse error:  syntax error, unexpected '$DB' (T_VARIABLE) in /var/www/html/poker/_classes/User.class.php on line 103"
[22-May-2018 08:14:53] WARNING: [pool www] child 26 said into stderr: "NOTICE: PHP message: PHP Parse error:  syntax error, unexpected '$DB' (T_VARIABLE) in /var/www/html/poker/_classes/User.class.php on line 103"
[22-May-2018 08:22:47] WARNING: [pool www] child 27 said into stderr: "NOTICE: PHP message: PHP Parse error:  syntax error, unexpected '$DB' (T_VARIABLE) in /var/www/html/poker/_classes/User.class.php on line 103"
[22-May-2018 08:22:51] WARNING: [pool www] child 91 said into stderr: "NOTICE: PHP message: PHP Parse error:  syntax error, unexpected '$DB' (T_VARIABLE) in /var/www/html/poker/_classes/User.class.php on line 103"
[22-May-2018 08:22:52] WARNING: [pool www] child 49 said into stderr: "NOTICE: PHP message: PHP Parse error:  syntax error, unexpected '$DB' (T_VARIABLE) in /var/www/html/poker/_classes/User.class.php on line 103"
[22-May-2018 08:22:52] WARNING: [pool www] child 58 said into stderr: "NOTICE: PHP message: PHP Parse error:  syntax error, unexpected '$DB' (T_VARIABLE) in /var/www/html/poker/_classes/User.class.php on line 103"
[22-May-2018 08:22:53] WARNING: [pool www] child 16 said into stderr: "NOTICE: PHP message: PHP Parse error:  syntax error, unexpected '$DB' (T_VARIABLE) in /var/www/html/poker/_classes/User.class.php on line 103"
[22-May-2018 08:23:16] WARNING: [pool www] child 29 said into stderr: "NOTICE: PHP message: PHP Parse error:  syntax error, unexpected '$DB' (T_VARIABLE) in /var/www/html/poker/_classes/User.class.php on line 103"
[22-May-2018 08:23:18] WARNING: [pool www] child 97 said into stderr: "NOTICE: PHP message: PHP Parse error:  syntax error, unexpected '$DB' (T_VARIABLE) in /var/www/html/poker/_classes/User.class.php on line 103"
[22-May-2018 08:23:18] WARNING: [pool www] child 75 said into stderr: "NOTICE: PHP message: PHP Parse error:  syntax error, unexpected '$DB' (T_VARIABLE) in /var/www/html/poker/_classes/User.class.php on line 103"
[22-May-2018 08:23:19] WARNING: [pool www] child 36 said into stderr: "NOTICE: PHP message: PHP Parse error:  syntax error, unexpected '$DB' (T_VARIABLE) in /var/www/html/poker/_classes/User.class.php on line 103"
[22-May-2018 08:23:19] WARNING: [pool www] child 59 said into stderr: "NOTICE: PHP message: PHP Parse error:  syntax error, unexpected '$DB' (T_VARIABLE) in /var/www/html/poker/_classes/User.class.php on line 103"
[22-May-2018 08:23:19] WARNING: [pool www] child 6 said into stderr: "NOTICE: PHP message: PHP Parse error:  syntax error, unexpected '$DB' (T_VARIABLE) in /var/www/html/poker/_classes/User.class.php on line 103"
[22-May-2018 08:23:52] WARNING: [pool www] child 53 said into stderr: "NOTICE: PHP message: PHP Parse error:  syntax error, unexpected '$DB' (T_VARIABLE) in /var/www/html/poker/_classes/User.class.php on line 103"
[22-May-2018 08:23:53] WARNING: [pool www] child 34 said into stderr: "NOTICE: PHP message: PHP Parse error:  syntax error, unexpected '$DB' (T_VARIABLE) in /var/www/html/poker/_classes/User.class.php on line 103"
[22-May-2018 08:23:54] WARNING: [pool www] child 84 said into stderr: "NOTICE: PHP message: PHP Parse error:  syntax error, unexpected '$DB' (T_VARIABLE) in /var/www/html/poker/_classes/User.class.php on line 103"
[22-May-2018 08:23:54] WARNING: [pool www] child 30 said into stderr: "NOTICE: PHP message: PHP Parse error:  syntax error, unexpected '$DB' (T_VARIABLE) in /var/www/html/poker/_classes/User.class.php on line 103"
[22-May-2018 08:23:54] WARNING: [pool www] child 87 said into stderr: "NOTICE: PHP message: PHP Parse error:  syntax error, unexpected '$DB' (T_VARIABLE) in /var/www/html/poker/_classes/User.class.php on line 103"
[22-May-2018 08:23:55] WARNING: [pool www] child 95 said into stderr: "NOTICE: PHP message: PHP Parse error:  syntax error, unexpected '$DB' (T_VARIABLE) in /var/www/html/poker/_classes/User.class.php on line 103"
[22-May-2018 08:23:55] WARNING: [pool www] child 46 said into stderr: "NOTICE: PHP message: PHP Parse error:  syntax error, unexpected '$DB' (T_VARIABLE) in /var/www/html/poker/_classes/User.class.php on line 103"
[22-May-2018 08:23:56] WARNING: [pool www] child 13 said into stderr: "NOTICE: PHP message: PHP Parse error:  syntax error, unexpected '$DB' (T_VARIABLE) in /var/www/html/poker/_classes/User.class.php on line 103"
[22-May-2018 08:23:56] WARNING: [pool www] child 21 said into stderr: "NOTICE: PHP message: PHP Parse error:  syntax error, unexpected '$DB' (T_VARIABLE) in /var/www/html/poker/_classes/User.class.php on line 103"
[22-May-2018 08:23:57] WARNING: [pool www] child 75 said into stderr: "NOTICE: PHP message: PHP Parse error:  syntax error, unexpected '$DB' (T_VARIABLE) in /var/www/html/poker/_classes/User.class.php on line 103"
[22-May-2018 08:23:57] WARNING: [pool www] child 89 said into stderr: "NOTICE: PHP message: PHP Parse error:  syntax error, unexpected '$DB' (T_VARIABLE) in /var/www/html/poker/_classes/User.class.php on line 103"
[22-May-2018 08:23:58] WARNING: [pool www] child 59 said into stderr: "NOTICE: PHP message: PHP Parse error:  syntax error, unexpected '$DB' (T_VARIABLE) in /var/www/html/poker/_classes/User.class.php on line 103"
[22-May-2018 08:23:58] WARNING: [pool www] child 6 said into stderr: "NOTICE: PHP message: PHP Parse error:  syntax error, unexpected '$DB' (T_VARIABLE) in /var/www/html/poker/_classes/User.class.php on line 103"
[22-May-2018 08:25:28] WARNING: [pool www] child 37 said into stderr: "NOTICE: PHP message: PHP Parse error:  syntax error, unexpected '$DB' (T_VARIABLE) in /var/www/html/poker/_classes/User.class.php on line 103"
[22-May-2018 08:37:22] WARNING: [pool www] child 69 said into stderr: "NOTICE: PHP message: PHP Parse error:  syntax error, unexpected '$DB' (T_VARIABLE) in /var/www/html/poker/_classes/User.class.php on line 109"
[22-May-2018 08:55:19] WARNING: [pool www] child 52 said into stderr: "NOTICE: PHP message: PHP Fatal error:  Uncaught Yansongda\Pay\Exceptions\GatewayException: getResult error:商户号mch_id与appid不匹配 in /var/www/html/poker/_lib/pay/src/Gateways/Wechat/Wechat.php:210"
[22-May-2018 08:55:19] WARNING: [pool www] child 52 said into stderr: "Stack trace:"
[22-May-2018 08:55:19] WARNING: [pool www] child 52 said into stderr: "#0 /var/www/html/poker/_lib/pay/src/Gateways/Wechat/Wechat.php(170): Yansongda\Pay\Gateways\Wechat\Wechat->getResult('https://api.mch...')"
[22-May-2018 08:55:19] WARNING: [pool www] child 52 said into stderr: "#1 /var/www/html/poker/_lib/pay/src/Gateways/Wechat/AppGateway.php(41): Yansongda\Pay\Gateways\Wechat\Wechat->preOrder(Array)"
[22-May-2018 08:55:19] WARNING: [pool www] child 52 said into stderr: "#2 /var/www/html/poker/_classes/Shop.class.php(191): Yansongda\Pay\Gateways\Wechat\AppGateway->pay(Array)"
[22-May-2018 08:55:19] WARNING: [pool www] child 52 said into stderr: "#3 /var/www/html/poker/_classes/Shop.class.php(159): Shop::weChatAppPay(Array, Array)"
[22-May-2018 08:55:19] WARNING: [pool www] child 52 said into stderr: "#4 /var/www/html/poker/_code/shop.code.php(145): Shop::aliOrWeChatPay(7, '8.8.8.8', 2)"
[22-May-2018 08:55:19] WARNING: [pool www] child 52 said into stderr: "#5 /var/www/html/poker/code.php(61): include('/var/www/html/p...')"
[22-May-2018 08:55:19] WARNING: [pool www] child 52 said into stderr: "#6 {main}"
[22-May-2018 08:55:19] WARNING: [pool www] child 52 said into stderr: "  thrown in /var/www/html/poker/_lib/pay/src/Gateways/Wechat/Wechat.php on line 210"
[22-May-2018 09:34:52] WARNING: [pool www] child 78 said into stderr: "NOTICE: PHP message: PHP Warning:  Missing argument 2 for User::edit(), called in /var/www/html/poker/_code/user.code.php on line 44 and defined in /var/www/html/poker/_classes/User.class.php on line 227"
[22-May-2018 09:34:52] WARNING: [pool www] child 78 said into stderr: "NOTICE: PHP message: PHP Fatal error:  Uncaught Error: Call to a member function bindParam() on boolean in /var/www/html/poker/_classes/DB.class.php:276"
[22-May-2018 09:34:52] WARNING: [pool www] child 78 said into stderr: "Stack trace:"
[22-May-2018 09:34:52] WARNING: [pool www] child 78 said into stderr: "#0 /var/www/html/poker/_classes/DB.class.php(133): DB->query_p('UPDATE user SET...', Array)"
[22-May-2018 09:34:52] WARNING: [pool www] child 78 said into stderr: "#1 /var/www/html/poker/_classes/User.class.php(229): DB->update('user', Array, ' WHERE uid=')"
[22-May-2018 09:34:52] WARNING: [pool www] child 78 said into stderr: "#2 /var/www/html/poker/_code/user.code.php(44): User::edit(Array)"
[22-May-2018 09:34:52] WARNING: [pool www] child 78 said into stderr: "#3 /var/www/html/poker/code.php(61): include('/var/www/html/p...')"
[22-May-2018 09:34:52] WARNING: [pool www] child 78 said into stderr: "#4 {main}"
[22-May-2018 09:34:52] WARNING: [pool www] child 78 said into stderr: "  thrown in /var/www/html/poker/_classes/DB.class.php on line 276"
[23-May-2018 02:09:39] WARNING: [pool www] child 78 said into stderr: "NOTICE: PHP message: PHP Warning:  openssl_sign(): supplied key param cannot be coerced into a private key in /var/www/html/poker/_lib/pay/src/Gateways/Alipay/Alipay.php on line 254"
[23-May-2018 02:46:06] WARNING: [pool www] child 68 said into stderr: "NOTICE: PHP message: PHP Warning:  openssl_sign(): supplied key param cannot be coerced into a private key in /var/www/html/poker/_lib/pay/src/Gateways/Alipay/Alipay.php on line 254"
[23-May-2018 02:46:16] WARNING: [pool www] child 17 said into stderr: "NOTICE: PHP message: PHP Warning:  openssl_sign(): supplied key param cannot be coerced into a private key in /var/www/html/poker/_lib/pay/src/Gateways/Alipay/Alipay.php on line 254"
[23-May-2018 03:00:47] WARNING: [pool www] child 47 said into stderr: "NOTICE: PHP message: PHP Warning:  openssl_sign(): supplied key param cannot be coerced into a private key in /var/www/html/poker/_lib/pay/src/Gateways/Alipay/Alipay.php on line 254"
[23-May-2018 03:18:29] WARNING: [pool www] child 22 said into stderr: "NOTICE: PHP message: PHP Warning:  openssl_sign(): supplied key param cannot be coerced into a private key in /var/www/html/poker/_lib/pay/src/Gateways/Alipay/Alipay.php on line 254"
[23-May-2018 03:23:11] WARNING: [pool www] child 56 said into stderr: "NOTICE: PHP message: PHP Fatal error:  Uncaught Yansongda\Pay\Exceptions\GatewayException: getResult error:商户号mch_id与appid不匹配 in /var/www/html/poker/_lib/pay/src/Gateways/Wechat/Wechat.php:210"
[23-May-2018 03:23:11] WARNING: [pool www] child 56 said into stderr: "Stack trace:"
[23-May-2018 03:23:11] WARNING: [pool www] child 56 said into stderr: "#0 /var/www/html/poker/_lib/pay/src/Gateways/Wechat/Wechat.php(170): Yansongda\Pay\Gateways\Wechat\Wechat->getResult('https://api.mch...')"
[23-May-2018 03:23:11] WARNING: [pool www] child 56 said into stderr: "#1 /var/www/html/poker/_lib/pay/src/Gateways/Wechat/AppGateway.php(41): Yansongda\Pay\Gateways\Wechat\Wechat->preOrder(Array)"
[23-May-2018 03:23:11] WARNING: [pool www] child 56 said into stderr: "#2 /var/www/html/poker/_classes/Shop.class.php(191): Yansongda\Pay\Gateways\Wechat\AppGateway->pay(Array)"
[23-May-2018 03:23:11] WARNING: [pool www] child 56 said into stderr: "#3 /var/www/html/poker/_classes/Shop.class.php(159): Shop::weChatAppPay(Array, Array)"
[23-May-2018 03:23:11] WARNING: [pool www] child 56 said into stderr: "#4 /var/www/html/poker/_code/shop.code.php(145): Shop::aliOrWeChatPay(7, '8.8.8.8', 2)"
[23-May-2018 03:23:11] WARNING: [pool www] child 56 said into stderr: "#5 /var/www/html/poker/code.php(61): include('/var/www/html/p...')"
[23-May-2018 03:23:11] WARNING: [pool www] child 56 said into stderr: "#6 {main}"
[23-May-2018 03:23:11] WARNING: [pool www] child 56 said into stderr: "  thrown in /var/www/html/poker/_lib/pay/src/Gateways/Wechat/Wechat.php on line 210"
[23-May-2018 03:45:39] WARNING: [pool www] child 77 said into stderr: "NOTICE: PHP message: PHP Warning:  openssl_sign(): supplied key param cannot be coerced into a private key in /var/www/html/poker/_lib/pay/src/Gateways/Alipay/Alipay.php on line 254"
[23-May-2018 03:55:32] WARNING: [pool www] child 89 said into stderr: "NOTICE: PHP message: PHP Warning:  openssl_sign(): supplied key param cannot be coerced into a private key in /var/www/html/poker/_lib/pay/src/Gateways/Alipay/Alipay.php on line 254"
[23-May-2018 04:03:51] WARNING: [pool www] child 6 said into stderr: "NOTICE: PHP message: PHP Fatal error:  Uncaught Yansongda\Pay\Exceptions\GatewayException: getResult error:商户号该产品权限未开通，请前往商户平台>产品中心检查后重试 in /var/www/html/poker/_lib/pay/src/Gateways/Wechat/Wechat.php:210"
[23-May-2018 04:03:51] WARNING: [pool www] child 6 said into stderr: "Stack trace:"
[23-May-2018 04:03:51] WARNING: [pool www] child 6 said into stderr: "#0 /var/www/html/poker/_lib/pay/src/Gateways/Wechat/Wechat.php(170): Yansongda\Pay\Gateways\Wechat\Wechat->getResult('https://api.mch...')"
[23-May-2018 04:03:51] WARNING: [pool www] child 6 said into stderr: "#1 /var/www/html/poker/_lib/pay/src/Gateways/Wechat/AppGateway.php(41): Yansongda\Pay\Gateways\Wechat\Wechat->preOrder(Array)"
[23-May-2018 04:03:51] WARNING: [pool www] child 6 said into stderr: "#2 /var/www/html/poker/_classes/Shop.class.php(191): Yansongda\Pay\Gateways\Wechat\AppGateway->pay(Array)"
[23-May-2018 04:03:51] WARNING: [pool www] child 6 said into stderr: "#3 /var/www/html/poker/_classes/Shop.class.php(159): Shop::weChatAppPay(Array, Array)"
[23-May-2018 04:03:51] WARNING: [pool www] child 6 said into stderr: "#4 /var/www/html/poker/_code/shop.code.php(145): Shop::aliOrWeChatPay(7, '8.8.8.8', 2)"
[23-May-2018 04:03:51] WARNING: [pool www] child 6 said into stderr: "#5 /var/www/html/poker/code.php(61): include('/var/www/html/p...')"
[23-May-2018 04:03:51] WARNING: [pool www] child 6 said into stderr: "#6 {main}"
[23-May-2018 04:03:51] WARNING: [pool www] child 6 said into stderr: "  thrown in /var/www/html/poker/_lib/pay/src/Gateways/Wechat/Wechat.php on line 210"
[23-May-2018 04:03:54] WARNING: [pool www] child 101 said into stderr: "NOTICE: PHP message: PHP Warning:  openssl_sign(): supplied key param cannot be coerced into a private key in /var/www/html/poker/_lib/pay/src/Gateways/Alipay/Alipay.php on line 254"
[23-May-2018 05:55:42] WARNING: [pool www] child 102 said into stderr: "NOTICE: PHP message: PHP Warning:  openssl_sign(): supplied key param cannot be coerced into a private key in /var/www/html/poker/_lib/pay/src/Gateways/Alipay/Alipay.php on line 254"
[24-May-2018 09:44:30] WARNING: [pool www] child 92 said into stderr: "NOTICE: PHP message: PHP Warning:  Missing argument 2 for User::edit(), called in /var/www/html/poker/_code/user.code.php on line 44 and defined in /var/www/html/poker/_classes/User.class.php on line 227"
[24-May-2018 09:44:30] WARNING: [pool www] child 92 said into stderr: "NOTICE: PHP message: PHP Fatal error:  Uncaught Error: Call to a member function bindParam() on boolean in /var/www/html/poker/_classes/DB.class.php:276"
[24-May-2018 09:44:30] WARNING: [pool www] child 92 said into stderr: "Stack trace:"
[24-May-2018 09:44:30] WARNING: [pool www] child 92 said into stderr: "#0 /var/www/html/poker/_classes/DB.class.php(133): DB->query_p('UPDATE user SET...', Array)"
[24-May-2018 09:44:30] WARNING: [pool www] child 92 said into stderr: "#1 /var/www/html/poker/_classes/User.class.php(229): DB->update('user', Array, ' WHERE uid=')"
[24-May-2018 09:44:30] WARNING: [pool www] child 92 said into stderr: "#2 /var/www/html/poker/_code/user.code.php(44): User::edit(Array)"
[24-May-2018 09:44:30] WARNING: [pool www] child 92 said into stderr: "#3 /var/www/html/poker/code.php(61): include('/var/www/html/p...')"
[24-May-2018 09:44:30] WARNING: [pool www] child 92 said into stderr: "#4 {main}"
[24-May-2018 09:44:30] WARNING: [pool www] child 92 said into stderr: "  thrown in /var/www/html/poker/_classes/DB.class.php on line 276"
[24-May-2018 09:46:40] WARNING: [pool www] child 34 said into stderr: "NOTICE: PHP message: PHP Warning:  Missing argument 2 for User::edit(), called in /var/www/html/poker/_code/user.code.php on line 68 and defined in /var/www/html/poker/_classes/User.class.php on line 227"
[24-May-2018 09:46:40] WARNING: [pool www] child 34 said into stderr: "NOTICE: PHP message: PHP Fatal error:  Uncaught Error: Call to a member function bindParam() on boolean in /var/www/html/poker/_classes/DB.class.php:276"
[24-May-2018 09:46:40] WARNING: [pool www] child 34 said into stderr: "Stack trace:"
[24-May-2018 09:46:40] WARNING: [pool www] child 34 said into stderr: "#0 /var/www/html/poker/_classes/DB.class.php(133): DB->query_p('UPDATE user SET...', Array)"
[24-May-2018 09:46:40] WARNING: [pool www] child 34 said into stderr: "#1 /var/www/html/poker/_classes/User.class.php(229): DB->update('user', Array, ' WHERE uid=')"
[24-May-2018 09:46:40] WARNING: [pool www] child 34 said into stderr: "#2 /var/www/html/poker/_code/user.code.php(68): User::edit(Array)"
[24-May-2018 09:46:40] WARNING: [pool www] child 34 said into stderr: "#3 /var/www/html/poker/code.php(61): include('/var/www/html/p...')"
[24-May-2018 09:46:40] WARNING: [pool www] child 34 said into stderr: "#4 {main}"
[24-May-2018 09:46:40] WARNING: [pool www] child 34 said into stderr: "  thrown in /var/www/html/poker/_classes/DB.class.php on line 276"
[24-May-2018 09:46:41] WARNING: [pool www] child 82 said into stderr: "NOTICE: PHP message: PHP Warning:  Missing argument 2 for User::edit(), called in /var/www/html/poker/_code/user.code.php on line 68 and defined in /var/www/html/poker/_classes/User.class.php on line 227"
[24-May-2018 09:46:41] WARNING: [pool www] child 82 said into stderr: "NOTICE: PHP message: PHP Fatal error:  Uncaught Error: Call to a member function bindParam() on boolean in /var/www/html/poker/_classes/DB.class.php:276"
[24-May-2018 09:46:41] WARNING: [pool www] child 82 said into stderr: "Stack trace:"
[24-May-2018 09:46:41] WARNING: [pool www] child 82 said into stderr: "#0 /var/www/html/poker/_classes/DB.class.php(133): DB->query_p('UPDATE user SET...', Array)"
[24-May-2018 09:46:41] WARNING: [pool www] child 82 said into stderr: "#1 /var/www/html/poker/_classes/User.class.php(229): DB->update('user', Array, ' WHERE uid=')"
[24-May-2018 09:46:41] WARNING: [pool www] child 82 said into stderr: "#2 /var/www/html/poker/_code/user.code.php(68): User::edit(Array)"
[24-May-2018 09:46:41] WARNING: [pool www] child 82 said into stderr: "#3 /var/www/html/poker/code.php(61): include('/var/www/html/p...')"
[24-May-2018 09:46:41] WARNING: [pool www] child 82 said into stderr: "#4 {main}"
[24-May-2018 09:46:41] WARNING: [pool www] child 82 said into stderr: "  thrown in /var/www/html/poker/_classes/DB.class.php on line 276"
[24-May-2018 09:46:42] WARNING: [pool www] child 65 said into stderr: "NOTICE: PHP message: PHP Warning:  Missing argument 2 for User::edit(), called in /var/www/html/poker/_code/user.code.php on line 68 and defined in /var/www/html/poker/_classes/User.class.php on line 227"
[24-May-2018 09:46:42] WARNING: [pool www] child 65 said into stderr: "NOTICE: PHP message: PHP Fatal error:  Uncaught Error: Call to a member function bindParam() on boolean in /var/www/html/poker/_classes/DB.class.php:276"
[24-May-2018 09:46:42] WARNING: [pool www] child 65 said into stderr: "Stack trace:"
[24-May-2018 09:46:42] WARNING: [pool www] child 65 said into stderr: "#0 /var/www/html/poker/_classes/DB.class.php(133): DB->query_p('UPDATE user SET...', Array)"
[24-May-2018 09:46:42] WARNING: [pool www] child 65 said into stderr: "#1 /var/www/html/poker/_classes/User.class.php(229): DB->update('user', Array, ' WHERE uid=')"
[24-May-2018 09:46:42] WARNING: [pool www] child 65 said into stderr: "#2 /var/www/html/poker/_code/user.code.php(68): User::edit(Array)"
[24-May-2018 09:46:42] WARNING: [pool www] child 65 said into stderr: "#3 /var/www/html/poker/code.php(61): include('/var/www/html/p...')"
[24-May-2018 09:46:42] WARNING: [pool www] child 65 said into stderr: "#4 {main}"
[24-May-2018 09:46:42] WARNING: [pool www] child 65 said into stderr: "  thrown in /var/www/html/poker/_classes/DB.class.php on line 276"
[25-May-2018 01:41:16] WARNING: [pool www] child 12 said into stderr: "NOTICE: PHP message: PHP Parse error:  syntax error, unexpected ';', expecting ']' in /var/www/html/poker/_classes/Feed.class.php on line 40"
[25-May-2018 01:41:29] WARNING: [pool www] child 20 said into stderr: "NOTICE: PHP message: PHP Parse error:  syntax error, unexpected ';', expecting ']' in /var/www/html/poker/_classes/Feed.class.php on line 40"
[25-May-2018 01:44:52] WARNING: [pool www] child 99 said into stderr: "NOTICE: PHP message: PHP Parse error:  syntax error, unexpected ';', expecting ']' in /var/www/html/poker/_classes/Feed.class.php on line 40"
[25-May-2018 01:56:57] WARNING: [pool www] child 79 said into stderr: "NOTICE: PHP message: PHP Parse error:  syntax error, unexpected ';', expecting ']' in /var/www/html/poker/_classes/Feed.class.php on line 40"
[25-May-2018 01:57:01] WARNING: [pool www] child 39 said into stderr: "NOTICE: PHP message: PHP Parse error:  syntax error, unexpected ';', expecting ']' in /var/www/html/poker/_classes/Feed.class.php on line 40"
[25-May-2018 02:56:51] WARNING: [pool www] child 47 said into stderr: "NOTICE: PHP message: PHP Warning:  Redis::hMset() expects parameter 2 to be array, null given in /var/www/html/poker/_classes/RedisCache.class.php on line 79"
[25-May-2018 03:35:06] WARNING: [pool www] child 14 said into stderr: "NOTICE: PHP message: PHP Warning:  file_put_contents(/root/texassplit-server/poker/avatar/{$img_name}.{$type}): failed to open stream: Permission denied in /var/www/html/poker/_classes/User.class.php on line 38"
[25-May-2018 03:35:54] WARNING: [pool www] child 46 said into stderr: "NOTICE: PHP message: PHP Warning:  file_put_contents(/root/texassplit-server/poker/avatar/{$img_name}.{$type}): failed to open stream: Permission denied in /var/www/html/poker/_classes/User.class.php on line 38"
[25-May-2018 03:36:29] WARNING: [pool www] child 31 said into stderr: "NOTICE: PHP message: PHP Warning:  file_put_contents(/root/texassplit-server/poker/avatar/{$img_name}.{$type}): failed to open stream: Permission denied in /var/www/html/poker/_classes/User.class.php on line 38"
[25-May-2018 03:41:16] WARNING: [pool www] child 14 said into stderr: "NOTICE: PHP message: PHP Warning:  file_put_contents(/root/texassplit-server/poker/avatar/{$img_name}.{$type}): failed to open stream: Permission denied in /var/www/html/poker/_classes/User.class.php on line 38"
[25-May-2018 03:42:48] WARNING: [pool www] child 11 said into stderr: "NOTICE: PHP message: PHP Parse error:  syntax error, unexpected ';' in /var/www/html/poker/_classes/User.class.php on line 36"
[25-May-2018 03:42:50] WARNING: [pool www] child 90 said into stderr: "NOTICE: PHP message: PHP Parse error:  syntax error, unexpected ';' in /var/www/html/poker/_classes/User.class.php on line 36"
[25-May-2018 03:42:52] WARNING: [pool www] child 61 said into stderr: "NOTICE: PHP message: PHP Parse error:  syntax error, unexpected ';' in /var/www/html/poker/_classes/User.class.php on line 36"
[25-May-2018 03:42:53] WARNING: [pool www] child 15 said into stderr: "NOTICE: PHP message: PHP Parse error:  syntax error, unexpected ';' in /var/www/html/poker/_classes/User.class.php on line 36"
[25-May-2018 03:42:54] WARNING: [pool www] child 64 said into stderr: "NOTICE: PHP message: PHP Parse error:  syntax error, unexpected ';' in /var/www/html/poker/_classes/User.class.php on line 36"
[25-May-2018 03:43:13] WARNING: [pool www] child 95 said into stderr: "NOTICE: PHP message: PHP Parse error:  syntax error, unexpected ';' in /var/www/html/poker/_classes/User.class.php on line 36"
[25-May-2018 03:44:02] WARNING: [pool www] child 33 said into stderr: "NOTICE: PHP message: PHP Warning:  file_put_contents(/root/texassplit-server/poker/avatar/{$img_name}.{$type}): failed to open stream: Permission denied in /var/www/html/poker/_classes/User.class.php on line 38"
[25-May-2018 03:49:32] WARNING: [pool www] child 63 said into stderr: "NOTICE: PHP message: PHP Warning:  file_put_contents(/root/texassplit-server/poker/avatar/{$img_name}.{$type}): failed to open stream: Permission denied in /var/www/html/poker/_classes/User.class.php on line 38"
[25-May-2018 03:53:41] WARNING: [pool www] child 73 said into stderr: "NOTICE: PHP message: PHP Warning:  file_put_contents(/root/texassplit-server/poker/avatar/{$img_name}.{$type}): failed to open stream: Permission denied in /var/www/html/poker/_classes/User.class.php on line 38"
[25-May-2018 05:56:29] WARNING: [pool www] child 33 said into stderr: "NOTICE: PHP message: PHP Warning:  file_put_contents(/root/texassplit-server/poker/avatar/1527227789.jpeg): failed to open stream: Permission denied in /var/www/html/poker/_classes/User.class.php on line 66"
[25-May-2018 06:05:36] WARNING: [pool www] child 34 said into stderr: "NOTICE: PHP message: PHP Warning:  file_put_contents(/root/texassplit-server/poker/avatar/1527228336.jpeg): failed to open stream: Permission denied in /var/www/html/poker/_classes/User.class.php on line 66"
[25-May-2018 06:08:48] WARNING: [pool www] child 36 said into stderr: "NOTICE: PHP message: PHP Warning:  file_put_contents(/root/texassplit-server/poker/avatar/1527228528.jpeg): failed to open stream: Permission denied in /var/www/html/poker/_classes/User.class.php on line 66"
[25-May-2018 06:13:13] WARNING: [pool www] child 47 said into stderr: "NOTICE: PHP message: PHP Warning:  file_put_contents(/root/texassplit-server/poker/avatar/1527228793.jpeg): failed to open stream: Permission denied in /var/www/html/poker/_classes/User.class.php on line 66"
[25-May-2018 06:17:35] WARNING: [pool www] child 34 said into stderr: "NOTICE: PHP message: PHP Warning:  file_put_contents(/root/texassplit-server/poker/avatar/1527229055.jpeg): failed to open stream: Permission denied in /var/www/html/poker/_classes/User.class.php on line 66"
[25-May-2018 06:20:05] WARNING: [pool www] child 81 said into stderr: "NOTICE: PHP message: PHP Warning:  file_put_contents(/root/texassplit-server/poker/avatar/1527229205.jpeg): failed to open stream: Permission denied in /var/www/html/poker/_classes/User.class.php on line 66"
[25-May-2018 06:40:44] WARNING: [pool www] child 66 said into stderr: "NOTICE: PHP message: PHP Warning:  file_put_contents(/root/texassplit-server/poker/avatar/1527230444.jpeg): failed to open stream: Permission denied in /var/www/html/poker/_classes/User.class.php on line 66"
[25-May-2018 09:05:57] WARNING: [pool www] child 67 said into stderr: "NOTICE: PHP message: PHP Fatal error:  Uncaught Yansongda\Pay\Exceptions\GatewayException: getResult error:商户号该产品权限未开通，请前往商户平台>产品中心检查后重试 in /var/www/html/poker/_lib/pay/src/Gateways/Wechat/Wechat.php:210"
[25-May-2018 09:05:57] WARNING: [pool www] child 67 said into stderr: "Stack trace:"
[25-May-2018 09:05:57] WARNING: [pool www] child 67 said into stderr: "#0 /var/www/html/poker/_lib/pay/src/Gateways/Wechat/Wechat.php(170): Yansongda\Pay\Gateways\Wechat\Wechat->getResult('https://api.mch...')"
[25-May-2018 09:05:57] WARNING: [pool www] child 67 said into stderr: "#1 /var/www/html/poker/_lib/pay/src/Gateways/Wechat/AppGateway.php(41): Yansongda\Pay\Gateways\Wechat\Wechat->preOrder(Array)"
[25-May-2018 09:05:57] WARNING: [pool www] child 67 said into stderr: "#2 /var/www/html/poker/_classes/Shop.class.php(191): Yansongda\Pay\Gateways\Wechat\AppGateway->pay(Array)"
[25-May-2018 09:05:57] WARNING: [pool www] child 67 said into stderr: "#3 /var/www/html/poker/_classes/Shop.class.php(159): Shop::weChatAppPay(Array, Array)"
[25-May-2018 09:05:57] WARNING: [pool www] child 67 said into stderr: "#4 /var/www/html/poker/_code/shop.code.php(145): Shop::aliOrWeChatPay(7, '8.8.8.8', 2)"
[25-May-2018 09:05:57] WARNING: [pool www] child 67 said into stderr: "#5 /var/www/html/poker/code.php(61): include('/var/www/html/p...')"
[25-May-2018 09:05:57] WARNING: [pool www] child 67 said into stderr: "#6 {main}"
[25-May-2018 09:05:57] WARNING: [pool www] child 67 said into stderr: "  thrown in /var/www/html/poker/_lib/pay/src/Gateways/Wechat/Wechat.php on line 210"
[25-May-2018 09:06:01] WARNING: [pool www] child 72 said into stderr: "NOTICE: PHP message: PHP Fatal error:  Uncaught Yansongda\Pay\Exceptions\GatewayException: getResult error:商户号该产品权限未开通，请前往商户平台>产品中心检查后重试 in /var/www/html/poker/_lib/pay/src/Gateways/Wechat/Wechat.php:210"
[25-May-2018 09:06:01] WARNING: [pool www] child 72 said into stderr: "Stack trace:"
[25-May-2018 09:06:01] WARNING: [pool www] child 72 said into stderr: "#0 /var/www/html/poker/_lib/pay/src/Gateways/Wechat/Wechat.php(170): Yansongda\Pay\Gateways\Wechat\Wechat->getResult('https://api.mch...')"
[25-May-2018 09:06:01] WARNING: [pool www] child 72 said into stderr: "#1 /var/www/html/poker/_lib/pay/src/Gateways/Wechat/AppGateway.php(41): Yansongda\Pay\Gateways\Wechat\Wechat->preOrder(Array)"
[25-May-2018 09:06:01] WARNING: [pool www] child 72 said into stderr: "#2 /var/www/html/poker/_classes/Shop.class.php(191): Yansongda\Pay\Gateways\Wechat\AppGateway->pay(Array)"
[25-May-2018 09:06:01] WARNING: [pool www] child 72 said into stderr: "#3 /var/www/html/poker/_classes/Shop.class.php(159): Shop::weChatAppPay(Array, Array)"
[25-May-2018 09:06:01] WARNING: [pool www] child 72 said into stderr: "#4 /var/www/html/poker/_code/shop.code.php(145): Shop::aliOrWeChatPay(7, '8.8.8.8', 2)"
[25-May-2018 09:06:01] WARNING: [pool www] child 72 said into stderr: "#5 /var/www/html/poker/code.php(61): include('/var/www/html/p...')"
[25-May-2018 09:06:01] WARNING: [pool www] child 72 said into stderr: "#6 {main}"
[25-May-2018 09:06:01] WARNING: [pool www] child 72 said into stderr: "  thrown in /var/www/html/poker/_lib/pay/src/Gateways/Wechat/Wechat.php on line 210"
[26-May-2018 01:34:20] WARNING: [pool www] child 35 said into stderr: "NOTICE: PHP message: PHP Fatal error:  Uncaught Yansongda\Pay\Exceptions\GatewayException: getResult error:商户号该产品权限未开通，请前往商户平台>产品中心检查后重试 in /var/www/html/poker/_lib/pay/src/Gateways/Wechat/Wechat.php:210"
[26-May-2018 01:34:20] WARNING: [pool www] child 35 said into stderr: "Stack trace:"
[26-May-2018 01:34:20] WARNING: [pool www] child 35 said into stderr: "#0 /var/www/html/poker/_lib/pay/src/Gateways/Wechat/Wechat.php(170): Yansongda\Pay\Gateways\Wechat\Wechat->getResult('https://api.mch...')"
[26-May-2018 01:34:20] WARNING: [pool www] child 35 said into stderr: "#1 /var/www/html/poker/_lib/pay/src/Gateways/Wechat/AppGateway.php(41): Yansongda\Pay\Gateways\Wechat\Wechat->preOrder(Array)"
[26-May-2018 01:34:20] WARNING: [pool www] child 35 said into stderr: "#2 /var/www/html/poker/_classes/Shop.class.php(191): Yansongda\Pay\Gateways\Wechat\AppGateway->pay(Array)"
[26-May-2018 01:34:20] WARNING: [pool www] child 35 said into stderr: "#3 /var/www/html/poker/_classes/Shop.class.php(159): Shop::weChatAppPay(Array, Array)"
[26-May-2018 01:34:20] WARNING: [pool www] child 35 said into stderr: "#4 /var/www/html/poker/_code/shop.code.php(145): Shop::aliOrWeChatPay(7, '8.8.8.8', 2)"
[26-May-2018 01:34:20] WARNING: [pool www] child 35 said into stderr: "#5 /var/www/html/poker/code.php(61): include('/var/www/html/p...')"
[26-May-2018 01:34:20] WARNING: [pool www] child 35 said into stderr: "#6 {main}"
[26-May-2018 01:34:20] WARNING: [pool www] child 35 said into stderr: "  thrown in /var/www/html/poker/_lib/pay/src/Gateways/Wechat/Wechat.php on line 210"
[26-May-2018 01:34:55] WARNING: [pool www] child 96 said into stderr: "NOTICE: PHP message: PHP Fatal error:  Uncaught Yansongda\Pay\Exceptions\GatewayException: getResult error:商户号该产品权限未开通，请前往商户平台>产品中心检查后重试 in /var/www/html/poker/_lib/pay/src/Gateways/Wechat/Wechat.php:210"
[26-May-2018 01:34:55] WARNING: [pool www] child 96 said into stderr: "Stack trace:"
[26-May-2018 01:34:55] WARNING: [pool www] child 96 said into stderr: "#0 /var/www/html/poker/_lib/pay/src/Gateways/Wechat/Wechat.php(170): Yansongda\Pay\Gateways\Wechat\Wechat->getResult('https://api.mch...')"
[26-May-2018 01:34:55] WARNING: [pool www] child 96 said into stderr: "#1 /var/www/html/poker/_lib/pay/src/Gateways/Wechat/AppGateway.php(41): Yansongda\Pay\Gateways\Wechat\Wechat->preOrder(Array)"
[26-May-2018 01:34:55] WARNING: [pool www] child 96 said into stderr: "#2 /var/www/html/poker/_classes/Shop.class.php(191): Yansongda\Pay\Gateways\Wechat\AppGateway->pay(Array)"
[26-May-2018 01:34:55] WARNING: [pool www] child 96 said into stderr: "#3 /var/www/html/poker/_classes/Shop.class.php(159): Shop::weChatAppPay(Array, Array)"
[26-May-2018 01:34:55] WARNING: [pool www] child 96 said into stderr: "#4 /var/www/html/poker/_code/shop.code.php(145): Shop::aliOrWeChatPay(7, '8.8.8.8', 2)"
[26-May-2018 01:34:55] WARNING: [pool www] child 96 said into stderr: "#5 /var/www/html/poker/code.php(61): include('/var/www/html/p...')"
[26-May-2018 01:34:55] WARNING: [pool www] child 96 said into stderr: "#6 {main}"
[26-May-2018 01:34:55] WARNING: [pool www] child 96 said into stderr: "  thrown in /var/www/html/poker/_lib/pay/src/Gateways/Wechat/Wechat.php on line 210"
[26-May-2018 01:47:22] WARNING: [pool www] child 77 said into stderr: "NOTICE: PHP message: PHP Fatal error:  Uncaught Yansongda\Pay\Exceptions\GatewayException: getResult error:商户号该产品权限未开通，请前往商户平台>产品中心检查后重试 in /var/www/html/poker/_lib/pay/src/Gateways/Wechat/Wechat.php:210"
[26-May-2018 01:47:22] WARNING: [pool www] child 77 said into stderr: "Stack trace:"
[26-May-2018 01:47:22] WARNING: [pool www] child 77 said into stderr: "#0 /var/www/html/poker/_lib/pay/src/Gateways/Wechat/Wechat.php(170): Yansongda\Pay\Gateways\Wechat\Wechat->getResult('https://api.mch...')"
[26-May-2018 01:47:22] WARNING: [pool www] child 77 said into stderr: "#1 /var/www/html/poker/_lib/pay/src/Gateways/Wechat/AppGateway.php(41): Yansongda\Pay\Gateways\Wechat\Wechat->preOrder(Array)"
[26-May-2018 01:47:22] WARNING: [pool www] child 77 said into stderr: "#2 /var/www/html/poker/_classes/Shop.class.php(191): Yansongda\Pay\Gateways\Wechat\AppGateway->pay(Array)"
[26-May-2018 01:47:22] WARNING: [pool www] child 77 said into stderr: "#3 /var/www/html/poker/_classes/Shop.class.php(159): Shop::weChatAppPay(Array, Array)"
[26-May-2018 01:47:22] WARNING: [pool www] child 77 said into stderr: "#4 /var/www/html/poker/_code/shop.code.php(145): Shop::aliOrWeChatPay(7, '8.8.8.8', 2)"
[26-May-2018 01:47:22] WARNING: [pool www] child 77 said into stderr: "#5 /var/www/html/poker/code.php(61): include('/var/www/html/p...')"
[26-May-2018 01:47:22] WARNING: [pool www] child 77 said into stderr: "#6 {main}"
[26-May-2018 01:47:22] WARNING: [pool www] child 77 said into stderr: "  thrown in /var/www/html/poker/_lib/pay/src/Gateways/Wechat/Wechat.php on line 210"
[26-May-2018 01:51:39] WARNING: [pool www] child 25 said into stderr: "NOTICE: PHP message: PHP Fatal error:  Uncaught Yansongda\Pay\Exceptions\GatewayException: getResult error:商户号该产品权限未开通，请前往商户平台>产品中心检查后重试 in /var/www/html/poker/_lib/pay/src/Gateways/Wechat/Wechat.php:210"
[26-May-2018 01:51:39] WARNING: [pool www] child 25 said into stderr: "Stack trace:"
[26-May-2018 01:51:39] WARNING: [pool www] child 25 said into stderr: "#0 /var/www/html/poker/_lib/pay/src/Gateways/Wechat/Wechat.php(170): Yansongda\Pay\Gateways\Wechat\Wechat->getResult('https://api.mch...')"
[26-May-2018 01:51:39] WARNING: [pool www] child 25 said into stderr: "#1 /var/www/html/poker/_lib/pay/src/Gateways/Wechat/AppGateway.php(41): Yansongda\Pay\Gateways\Wechat\Wechat->preOrder(Array)"
[26-May-2018 01:51:39] WARNING: [pool www] child 25 said into stderr: "#2 /var/www/html/poker/_classes/Shop.class.php(191): Yansongda\Pay\Gateways\Wechat\AppGateway->pay(Array)"
[26-May-2018 01:51:39] WARNING: [pool www] child 25 said into stderr: "#3 /var/www/html/poker/_classes/Shop.class.php(159): Shop::weChatAppPay(Array, Array)"
[26-May-2018 01:51:39] WARNING: [pool www] child 25 said into stderr: "#4 /var/www/html/poker/_code/shop.code.php(145): Shop::aliOrWeChatPay(7, '114.114.114.114', 2)"
[26-May-2018 01:51:39] WARNING: [pool www] child 25 said into stderr: "#5 /var/www/html/poker/code.php(61): include('/var/www/html/p...')"
[26-May-2018 01:51:39] WARNING: [pool www] child 25 said into stderr: "#6 {main}"
[26-May-2018 01:51:39] WARNING: [pool www] child 25 said into stderr: "  thrown in /var/www/html/poker/_lib/pay/src/Gateways/Wechat/Wechat.php on line 210"
[26-May-2018 02:21:36] WARNING: [pool www] child 62 said into stderr: "NOTICE: PHP message: PHP Fatal error:  Uncaught Yansongda\Pay\Exceptions\GatewayException: getResult error:商户号该产品权限未开通，请前往商户平台>产品中心检查后重试 in /var/www/html/poker/_lib/pay/src/Gateways/Wechat/Wechat.php:210"
[26-May-2018 02:21:36] WARNING: [pool www] child 62 said into stderr: "Stack trace:"
[26-May-2018 02:21:36] WARNING: [pool www] child 62 said into stderr: "#0 /var/www/html/poker/_lib/pay/src/Gateways/Wechat/Wechat.php(170): Yansongda\Pay\Gateways\Wechat\Wechat->getResult('https://api.mch...')"
[26-May-2018 02:21:36] WARNING: [pool www] child 62 said into stderr: "#1 /var/www/html/poker/_lib/pay/src/Gateways/Wechat/AppGateway.php(41): Yansongda\Pay\Gateways\Wechat\Wechat->preOrder(Array)"
[26-May-2018 02:21:36] WARNING: [pool www] child 62 said into stderr: "#2 /var/www/html/poker/_classes/Shop.class.php(191): Yansongda\Pay\Gateways\Wechat\AppGateway->pay(Array)"
[26-May-2018 02:21:36] WARNING: [pool www] child 62 said into stderr: "#3 /var/www/html/poker/_classes/Shop.class.php(159): Shop::weChatAppPay(Array, Array)"
[26-May-2018 02:21:36] WARNING: [pool www] child 62 said into stderr: "#4 /var/www/html/poker/_code/shop.code.php(145): Shop::aliOrWeChatPay(7, '8.8.8.8', 2)"
[26-May-2018 02:21:36] WARNING: [pool www] child 62 said into stderr: "#5 /var/www/html/poker/code.php(61): include('/var/www/html/p...')"
[26-May-2018 02:21:36] WARNING: [pool www] child 62 said into stderr: "#6 {main}"
[26-May-2018 02:21:36] WARNING: [pool www] child 62 said into stderr: "  thrown in /var/www/html/poker/_lib/pay/src/Gateways/Wechat/Wechat.php on line 210"
[26-May-2018 02:25:21] WARNING: [pool www] child 22 said into stderr: "NOTICE: PHP message: PHP Fatal error:  Uncaught Yansongda\Pay\Exceptions\GatewayException: getResult error:商户号该产品权限未开通，请前往商户平台>产品中心检查后重试 in /var/www/html/poker/_lib/pay/src/Gateways/Wechat/Wechat.php:210"
[26-May-2018 02:25:21] WARNING: [pool www] child 22 said into stderr: "Stack trace:"
[26-May-2018 02:25:21] WARNING: [pool www] child 22 said into stderr: "#0 /var/www/html/poker/_lib/pay/src/Gateways/Wechat/Wechat.php(170): Yansongda\Pay\Gateways\Wechat\Wechat->getResult('https://api.mch...')"
[26-May-2018 02:25:21] WARNING: [pool www] child 22 said into stderr: "#1 /var/www/html/poker/_lib/pay/src/Gateways/Wechat/AppGateway.php(41): Yansongda\Pay\Gateways\Wechat\Wechat->preOrder(Array)"
[26-May-2018 02:25:21] WARNING: [pool www] child 22 said into stderr: "#2 /var/www/html/poker/_classes/Shop.class.php(191): Yansongda\Pay\Gateways\Wechat\AppGateway->pay(Array)"
[26-May-2018 02:25:21] WARNING: [pool www] child 22 said into stderr: "#3 /var/www/html/poker/_classes/Shop.class.php(159): Shop::weChatAppPay(Array, Array)"
[26-May-2018 02:25:21] WARNING: [pool www] child 22 said into stderr: "#4 /var/www/html/poker/_code/shop.code.php(145): Shop::aliOrWeChatPay(7, '8.8.8.8', 2)"
[26-May-2018 02:25:21] WARNING: [pool www] child 22 said into stderr: "#5 /var/www/html/poker/code.php(61): include('/var/www/html/p...')"
[26-May-2018 02:25:21] WARNING: [pool www] child 22 said into stderr: "#6 {main}"
[26-May-2018 02:25:21] WARNING: [pool www] child 22 said into stderr: "  thrown in /var/www/html/poker/_lib/pay/src/Gateways/Wechat/Wechat.php on line 210"
[26-May-2018 02:25:26] WARNING: [pool www] child 69 said into stderr: "NOTICE: PHP message: PHP Fatal error:  Uncaught Yansongda\Pay\Exceptions\GatewayException: getResult error:商户号该产品权限未开通，请前往商户平台>产品中心检查后重试 in /var/www/html/poker/_lib/pay/src/Gateways/Wechat/Wechat.php:210"
[26-May-2018 02:25:26] WARNING: [pool www] child 69 said into stderr: "Stack trace:"
[26-May-2018 02:25:26] WARNING: [pool www] child 69 said into stderr: "#0 /var/www/html/poker/_lib/pay/src/Gateways/Wechat/Wechat.php(170): Yansongda\Pay\Gateways\Wechat\Wechat->getResult('https://api.mch...')"
[26-May-2018 02:25:26] WARNING: [pool www] child 69 said into stderr: "#1 /var/www/html/poker/_lib/pay/src/Gateways/Wechat/AppGateway.php(41): Yansongda\Pay\Gateways\Wechat\Wechat->preOrder(Array)"
[26-May-2018 02:25:26] WARNING: [pool www] child 69 said into stderr: "#2 /var/www/html/poker/_classes/Shop.class.php(191): Yansongda\Pay\Gateways\Wechat\AppGateway->pay(Array)"
[26-May-2018 02:25:26] WARNING: [pool www] child 69 said into stderr: "#3 /var/www/html/poker/_classes/Shop.class.php(159): Shop::weChatAppPay(Array, Array)"
[26-May-2018 02:25:26] WARNING: [pool www] child 69 said into stderr: "#4 /var/www/html/poker/_code/shop.code.php(145): Shop::aliOrWeChatPay(7, '8.8.8.8', 2)"
[26-May-2018 02:25:26] WARNING: [pool www] child 69 said into stderr: "#5 /var/www/html/poker/code.php(61): include('/var/www/html/p...')"
[26-May-2018 02:25:26] WARNING: [pool www] child 69 said into stderr: "#6 {main}"
[26-May-2018 02:25:26] WARNING: [pool www] child 69 said into stderr: "  thrown in /var/www/html/poker/_lib/pay/src/Gateways/Wechat/Wechat.php on line 210"
[26-May-2018 02:35:06] WARNING: [pool www] child 86 said into stderr: "NOTICE: PHP message: PHP Fatal error:  Uncaught Yansongda\Pay\Exceptions\GatewayException: getResult error:商户号该产品权限未开通，请前往商户平台>产品中心检查后重试 in /var/www/html/poker/_lib/pay/src/Gateways/Wechat/Wechat.php:210"
[26-May-2018 02:35:06] WARNING: [pool www] child 86 said into stderr: "Stack trace:"
[26-May-2018 02:35:06] WARNING: [pool www] child 86 said into stderr: "#0 /var/www/html/poker/_lib/pay/src/Gateways/Wechat/Wechat.php(170): Yansongda\Pay\Gateways\Wechat\Wechat->getResult('https://api.mch...')"
[26-May-2018 02:35:06] WARNING: [pool www] child 86 said into stderr: "#1 /var/www/html/poker/_lib/pay/src/Gateways/Wechat/AppGateway.php(41): Yansongda\Pay\Gateways\Wechat\Wechat->preOrder(Array)"
[26-May-2018 02:35:06] WARNING: [pool www] child 86 said into stderr: "#2 /var/www/html/poker/_classes/Shop.class.php(191): Yansongda\Pay\Gateways\Wechat\AppGateway->pay(Array)"
[26-May-2018 02:35:06] WARNING: [pool www] child 86 said into stderr: "#3 /var/www/html/poker/_classes/Shop.class.php(159): Shop::weChatAppPay(Array, Array)"
[26-May-2018 02:35:06] WARNING: [pool www] child 86 said into stderr: "#4 /var/www/html/poker/_code/shop.code.php(145): Shop::aliOrWeChatPay(7, '8.8.8.8', 2)"
[26-May-2018 02:35:06] WARNING: [pool www] child 86 said into stderr: "#5 /var/www/html/poker/code.php(61): include('/var/www/html/p...')"
[26-May-2018 02:35:06] WARNING: [pool www] child 86 said into stderr: "#6 {main}"
[26-May-2018 02:35:06] WARNING: [pool www] child 86 said into stderr: "  thrown in /var/www/html/poker/_lib/pay/src/Gateways/Wechat/Wechat.php on line 210"
[26-May-2018 02:35:32] WARNING: [pool www] child 100 said into stderr: "NOTICE: PHP message: PHP Fatal error:  Uncaught Yansongda\Pay\Exceptions\GatewayException: getResult error:商户号该产品权限未开通，请前往商户平台>产品中心检查后重试 in /var/www/html/poker/_lib/pay/src/Gateways/Wechat/Wechat.php:210"
[26-May-2018 02:35:32] WARNING: [pool www] child 100 said into stderr: "Stack trace:"
[26-May-2018 02:35:32] WARNING: [pool www] child 100 said into stderr: "#0 /var/www/html/poker/_lib/pay/src/Gateways/Wechat/Wechat.php(170): Yansongda\Pay\Gateways\Wechat\Wechat->getResult('https://api.mch...')"
[26-May-2018 02:35:32] WARNING: [pool www] child 100 said into stderr: "#1 /var/www/html/poker/_lib/pay/src/Gateways/Wechat/AppGateway.php(41): Yansongda\Pay\Gateways\Wechat\Wechat->preOrder(Array)"
[26-May-2018 02:35:32] WARNING: [pool www] child 100 said into stderr: "#2 /var/www/html/poker/_classes/Shop.class.php(191): Yansongda\Pay\Gateways\Wechat\AppGateway->pay(Array)"
[26-May-2018 02:35:32] WARNING: [pool www] child 100 said into stderr: "#3 /var/www/html/poker/_classes/Shop.class.php(159): Shop::weChatAppPay(Array, Array)"
[26-May-2018 02:35:32] WARNING: [pool www] child 100 said into stderr: "#4 /var/www/html/poker/_code/shop.code.php(145): Shop::aliOrWeChatPay(7, '8.8.8.8', 2)"
[26-May-2018 02:35:32] WARNING: [pool www] child 100 said into stderr: "#5 /var/www/html/poker/code.php(61): include('/var/www/html/p...')"
[26-May-2018 02:35:32] WARNING: [pool www] child 100 said into stderr: "#6 {main}"
[26-May-2018 02:35:32] WARNING: [pool www] child 100 said into stderr: "  thrown in /var/www/html/poker/_lib/pay/src/Gateways/Wechat/Wechat.php on line 210"
[26-May-2018 06:22:55] WARNING: [pool www] child 44 said into stderr: "NOTICE: PHP message: PHP Warning:  file_put_contents(/root/texassplit-server/poker/avatar/1527315775.jpeg): failed to open stream: Permission denied in /var/www/html/poker/_classes/User.class.php on line 66"
[26-May-2018 07:11:24] WARNING: [pool www] child 26 said into stderr: "NOTICE: PHP message: PHP Warning:  Missing argument 2 for User::edit(), called in /var/www/html/poker/_code/user.code.php on line 68 and defined in /var/www/html/poker/_classes/User.class.php on line 261"
[26-May-2018 07:11:24] WARNING: [pool www] child 26 said into stderr: "NOTICE: PHP message: PHP Fatal error:  Uncaught Error: Call to a member function bindParam() on boolean in /var/www/html/poker/_classes/DB.class.php:276"
[26-May-2018 07:11:24] WARNING: [pool www] child 26 said into stderr: "Stack trace:"
[26-May-2018 07:11:24] WARNING: [pool www] child 26 said into stderr: "#0 /var/www/html/poker/_classes/DB.class.php(133): DB->query_p('UPDATE user SET...', Array)"
[26-May-2018 07:11:24] WARNING: [pool www] child 26 said into stderr: "#1 /var/www/html/poker/_classes/User.class.php(263): DB->update('user', Array, ' WHERE uid=')"
[26-May-2018 07:11:24] WARNING: [pool www] child 26 said into stderr: "#2 /var/www/html/poker/_code/user.code.php(68): User::edit(Array)"
[26-May-2018 07:11:24] WARNING: [pool www] child 26 said into stderr: "#3 /var/www/html/poker/code.php(61): include('/var/www/html/p...')"
[26-May-2018 07:11:24] WARNING: [pool www] child 26 said into stderr: "#4 {main}"
[26-May-2018 07:11:24] WARNING: [pool www] child 26 said into stderr: "  thrown in /var/www/html/poker/_classes/DB.class.php on line 276"
[28-May-2018 09:01:58] WARNING: [pool www] child 41 said into stderr: "NOTICE: PHP message: PHP Warning:  file_put_contents(/root/texassplit-server/poker/avatar/1527498118.jpeg): failed to open stream: Permission denied in /var/www/html/poker/_classes/User.class.php on line 66"
